Arrival Rate	Service Rate	Avg. Delay	Avg. Queue	Server Util	Sim Time
50.000001118	0.212765966	235.926697	11482.006836	  0.999960	458.174530
25.000000559	0.212765966	262.189728	6252.621094	  0.999796	511.047058
16.666667039	0.212765966	264.721069	4051.340088	  0.999760	495.856171
12.500000279	0.212765966	182.683960	2503.895508	  0.999837	412.812042
10.000000596	0.212765966	210.227478	2074.771484	  0.999986	431.053711
8.333334037	0.212765966	216.871979	1862.169189	  0.999770	468.248901
7.142857873	0.212765966	267.547668	1797.784668	  0.999717	514.232849
6.250000722	0.212765966	225.246231	1394.101440	  0.999952	455.627747
5.555556255	0.212765966	223.553375	1341.957275	  0.999631	510.014160
5.000000671	0.212765966	249.637924	1201.951538	  0.999816	498.304657
4.545455186	0.212765966	205.872284	941.002563	  0.999615	416.946655
4.166667277	0.212765966	230.716934	1028.362793	  0.999716	501.075104
3.846154428	0.212765966	267.951416	999.338684	  0.999283	567.366516
3.571428936	0.212765966	239.654282	884.629517	  0.999959	531.880798
3.333333532	0.212765966	218.574295	703.719604	  0.999575	456.451996
3.125000070	0.212765966	225.150330	747.325684	  0.997052	503.238739
2.941176440	0.212765966	262.129425	765.995972	  0.999255	566.015808
2.777777667	0.212765966	190.277542	563.394592	  0.999323	462.849060
2.631578774	0.212765966	166.358353	422.056213	  0.999045	366.709747
2.499999776	0.212765966	246.172897	594.146851	  0.998656	499.287964
2.380952117	0.212765966	225.699982	532.454773	  0.999182	502.146362
2.272726977	0.212765966	206.240723	467.655487	  0.999775	453.786346
2.173912722	0.212765966	209.907806	484.768280	  0.999245	514.131104
2.083332992	0.212765966	219.143478	495.039398	  0.997504	520.101990
1.999999762	0.212765966	208.915085	452.868103	  0.999317	521.558044
1.923076773	0.212765966	228.830643	425.613190	  0.998566	533.292969
1.851851778	0.212765966	239.005066	444.949707	  0.999846	524.664612
1.785714278	0.212765966	194.789047	361.110870	  0.995778	454.067780
1.724137981	0.212765966	176.827927	309.334564	  0.998164	450.087708
1.666666766	0.212765966	215.188049	335.563049	  0.998647	454.859100
1.612903368	0.212765966	223.236816	351.164795	  0.999394	506.402710
1.562500180	0.212765966	196.845261	334.219940	  0.998642	459.087280
1.515151729	0.212765966	190.381424	307.284607	  0.999957	473.455109
1.470588478	0.212765966	175.285767	296.271576	  0.997065	467.036194
1.428571696	0.212765966	155.745453	233.138260	  0.997119	392.867767
1.388889179	0.212765966	192.485413	241.290237	  0.999008	453.376953
1.351351660	0.212765966	197.590515	292.630585	  0.999951	492.301605
1.315789800	0.212765966	161.188187	216.814575	  0.998182	402.630585
1.282051623	0.212765966	180.708511	227.607956	  0.995280	456.377411
1.250000354	0.212765966	199.933289	228.817734	  0.999147	493.430145
1.219512560	0.212765966	222.848190	267.123688	  0.998554	537.543945
1.190476566	0.212765966	199.123413	223.364517	  0.996344	493.392792
1.162791081	0.212765966	228.017380	266.536194	  0.997046	550.662292
1.136364027	0.212765966	216.895065	250.032623	  0.999355	519.556519
1.111111508	0.212765966	190.666794	220.751831	  0.995552	475.983826
1.086956925	0.212765966	193.763229	205.331207	  0.998622	433.353333
1.063830195	0.212765966	191.362183	220.725159	  0.999149	509.187469
1.041667078	0.212765966	251.533966	257.446503	  0.996899	543.884521
1.020408578	0.212765966	182.185104	170.709885	  0.999529	464.917877
1.000000417	0.212765966	166.336090	151.908279	  0.996775	403.780762
0.980392519	0.212765966	162.262390	166.019028	  0.999691	460.033508
0.961538827	0.212765966	203.176605	195.099350	  0.998557	487.078796
0.943396596	0.212765966	202.120453	189.768265	  0.999977	505.679749
0.925926298	0.212765966	146.795258	139.539856	  0.998366	438.378662
0.909091283	0.212765966	181.536209	158.880829	  0.996820	453.598907
0.892857519	0.212765966	185.677246	172.386002	  0.992003	479.647675
0.877193360	0.212765966	161.425873	138.111282	  0.998284	435.740082
0.862069345	0.212765966	175.784714	139.799988	  0.999111	489.359406
0.847458007	0.212765966	159.865967	140.509109	  0.999005	449.852905
0.833333714	0.212765966	194.207794	177.227615	  0.998153	515.837097
0.819672512	0.212765966	185.829544	145.783463	  0.999306	476.921265
0.806451994	0.212765966	206.209763	171.262009	  0.997514	507.970551
0.793651175	0.212765966	190.156677	149.411636	  0.992439	535.820496
0.781250381	0.212765966	237.363190	195.930664	  0.995363	574.934570
0.769231150	0.212765966	187.127319	147.154633	  0.991291	500.229736
0.757576138	0.212765966	152.095398	107.002571	  0.995420	441.868958
0.746269036	0.212765966	152.710663	103.812111	  0.991108	418.252655
0.735294497	0.212765966	132.558044	 96.402756	  0.994539	418.792969
0.724638059	0.212765966	177.339966	134.964279	  0.998697	497.220703
0.714286091	0.212765966	139.777969	117.072533	  0.999849	485.163727
0.704225728	0.212765966	162.485931	118.816063	  0.998125	474.657440
0.694444819	0.212765966	129.474716	 86.918800	  0.990664	432.050293
0.684931880	0.212765966	225.242889	147.322586	  0.996506	560.508057
0.675676048	0.212765966	105.737541	 93.536720	  0.986872	390.062836
0.666667038	0.212765966	199.300568	133.862259	  0.999421	571.608582
0.657895106	0.212765966	159.987106	 95.696327	  0.997727	521.001587
0.649351017	0.212765966	101.754326	 74.221054	  0.998801	427.097992
0.641026007	0.212765966	203.457092	145.370483	  0.995278	583.187256
0.632911757	0.212765966	184.361404	116.952843	  0.993015	528.435059
0.625000363	0.212765966	140.124496	 80.243423	  0.998762	398.195221
0.617284312	0.212765966	126.990799	 93.162041	  0.993727	433.828156
0.609756457	0.212765966	192.842361	125.701256	  0.999941	548.581238
0.602409997	0.212765966	114.045609	 71.687897	  0.990335	415.502075
0.595238452	0.212765966	185.482086	107.063644	  0.997050	537.869812
0.588235649	0.212765966	118.521774	 65.382225	  0.995032	428.956848
0.581395702	0.212765966	161.493286	 83.517204	  0.999042	465.504395
0.574712995	0.212765966	170.133606	 88.146339	  0.996131	491.083740
0.568182168	0.212765966	124.085670	 69.451927	  0.999858	401.423218
0.561798100	0.212765966	126.112282	 65.582977	  0.979978	417.722351
0.555555901	0.212765966	162.439606	 90.341774	  0.994352	514.486023
0.549450894	0.212765966	125.379944	 70.122833	  0.992440	437.678772
0.543478603	0.212765966	161.496506	 94.810707	  0.997191	490.891937
0.537634749	0.212765966	181.633102	105.732536	  0.997886	584.745483
0.531915232	0.212765966	134.031693	 65.053391	  0.995657	414.441284
0.526316126	0.212765966	160.456177	 73.656349	  0.993412	493.425415
0.520833668	0.212765966	104.925827	 54.213974	  0.993495	443.354828
0.515464251	0.212765966	134.586090	 79.721962	  0.992968	441.241882
0.510204413	0.212765966	122.947830	 56.587433	  0.998144	457.786713
0.505050835	0.212765966	105.051605	 55.651676	  0.974805	393.737305
0.500000328	0.212765966	129.255600	 68.066620	  0.999841	446.141663
0.495049802	0.212765966	130.034927	 67.406029	  0.997890	466.363647
0.490196374	0.212765966	117.918907	 55.625763	  0.998813	404.316895
0.485437188	0.212765966	133.246582	 64.842987	  0.984741	440.666718
0.480769524	0.212765966	141.733231	 70.602913	  0.996593	500.405487
0.476190768	0.212765966	125.710129	 59.846821	  0.997941	434.919037
0.471698404	0.212765966	122.330559	 54.450794	  0.997348	499.100616
0.467290009	0.212765966	101.145294	 41.886017	  0.995381	470.148621
0.462963251	0.212765966	180.773361	 81.039284	  0.994945	495.207062
0.458715883	0.212765966	 95.337929	 38.090889	  0.991164	443.620178
0.454545740	0.212765966	153.059372	 64.492805	  0.976837	504.685577
0.450450735	0.212765966	105.118202	 49.942543	  0.984984	462.631927
0.446428855	0.212765966	159.007477	 63.718922	  0.982250	543.874573
0.442478158	0.212765966	 92.569511	 42.598747	  0.994823	408.314301
0.438596772	0.212765966	 98.425690	 53.993282	  0.998358	468.507141
0.434782888	0.212765966	113.528740	 49.895931	  0.989199	440.411163
0.431034761	0.212765966	113.000710	 46.753262	  0.998216	505.023010
0.427350704	0.212765966	144.674408	 63.853306	  0.997988	495.632660
0.423729089	0.212765966	140.427856	 56.002125	  0.996246	519.013733
0.420168342	0.212765966	 99.554436	 49.062031	  0.998454	416.752960
0.416666940	0.212765966	136.699753	 52.615963	  0.982884	442.807251
0.413223412	0.212765966	148.529846	 53.839008	  0.999150	502.708893
0.409836336	0.212765966	148.272202	 59.525146	  0.999213	491.810944
0.406504335	0.212765966	145.334396	 56.093197	  0.999086	535.010620
0.403226075	0.212765966	122.804581	 48.533009	  0.999062	505.661163
0.400000267	0.212765966	125.816872	 45.713539	  0.996077	456.846375
0.396825663	0.212765966	110.051414	 45.678211	  0.992862	512.041748
0.393701052	0.212765966	 98.002365	 39.034405	  0.961592	455.334503
0.390625263	0.212765966	154.604050	 65.832710	  0.999012	503.475830
0.387597161	0.212765966	133.178360	 48.519047	  0.977530	506.782990
0.384615646	0.212765966	 97.684280	 37.093418	  0.990984	501.111023
0.381679649	0.212765966	 96.074890	 39.719814	  0.982792	431.423431
0.378788137	0.212765966	 76.035309	 28.538248	  0.989213	431.260559
0.375940107	0.212765966	 71.401436	 25.248518	  0.973272	457.317230
0.373134585	0.212765966	139.773422	 50.735004	  0.955943	537.270508
0.370370625	0.212765966	100.960129	 38.680008	  0.994014	460.262207
0.367647313	0.212765966	115.275780	 42.560181	  0.979913	514.094299
0.364963756	0.212765966	 58.354996	 19.707300	  0.943526	462.451416
0.362319092	0.212765966	144.227432	 42.361507	  0.991589	515.892883
0.359712481	0.212765966	140.888306	 48.852379	  0.998225	582.706909
0.357143107	0.212765966	 65.910156	 22.321911	  0.954500	402.540741
0.354610177	0.212765966	131.034164	 44.864143	  0.994656	517.838928
0.352112923	0.212765966	 65.533516	 21.889282	  0.987613	383.134125
0.349650596	0.212765966	125.014610	 38.560863	  0.967880	512.933044
0.347222467	0.212765966	 52.694813	 17.488605	  0.975555	398.001099
0.344827830	0.212765966	 97.209740	 36.911957	  0.995716	442.470856
0.342465996	0.212765966	 96.130905	 36.308205	  0.987622	516.684998
0.340136296	0.212765966	 85.347435	 26.272850	  0.994400	443.312500
0.337838078	0.212765966	 93.338089	 36.505157	  0.994824	483.812683
0.335570709	0.212765966	113.453468	 39.432827	  0.979821	487.705292
0.333333572	0.212765966	 82.815208	 34.158756	  0.981303	476.023590
0.331126065	0.212765966	156.752899	 48.308823	  0.999184	501.929474
0.328947605	0.212765966	128.154785	 39.941730	  0.995415	531.270020
0.326797621	0.212765966	 33.922974	 10.134560	  0.922292	433.165680
0.324675559	0.212765966	126.858192	 40.466934	  0.978618	527.935425
0.322580878	0.212765966	113.911858	 36.053169	  0.986450	458.183441
0.320513053	0.212765966	 97.670158	 30.248270	  0.998828	469.550232
0.318471569	0.212765966	111.404884	 38.946125	  0.999895	471.174561
0.316455926	0.212765966	 92.470383	 29.615156	  0.990400	445.048035
0.314465638	0.212765966	 58.363102	 15.679982	  0.999839	432.822296
0.312500228	0.212765966	 54.562672	 20.914762	  0.993580	400.512451
0.310559233	0.212765966	125.311874	 34.812710	  0.996826	525.777344
0.308642202	0.212765966	 73.085129	 30.533087	  0.983938	475.749329
0.306748691	0.212765966	 93.790527	 28.639616	  0.905294	511.783661
0.304878273	0.212765966	 53.574745	 17.609102	  0.985564	450.495605
0.303030526	0.212765966	 28.636606	  7.836746	  0.982042	413.493500
0.301205042	0.212765966	 46.269054	 13.343844	  0.977768	412.998444
0.299401419	0.212765966	 96.448288	 33.090328	  0.972629	449.940216
0.297619268	0.212765966	 61.131207	 17.352375	  0.997849	442.952911
0.295858208	0.212765966	124.977142	 38.781155	  0.996672	522.745911
0.294117866	0.212765966	 42.778530	 13.524509	  0.958897	448.092590
0.292397879	0.212765966	 64.980270	 18.356003	  0.982037	412.586792
0.290697891	0.212765966	 80.029907	 24.668755	  0.982728	497.196167
0.289017557	0.212765966	 51.015469	 15.919122	  0.983785	464.205109
0.287356537	0.212765966	 42.255112	 11.566091	  0.992114	415.833374
0.285714500	0.212765966	 68.295311	 21.246994	  0.991636	454.112946
0.284091122	0.212765966	 57.251740	 22.585083	  0.989206	519.302673
0.282486088	0.212765966	 47.050537	 13.964341	  0.929590	457.272156
0.280899088	0.212765966	 94.370354	 27.880125	  0.961470	530.443726
0.279329820	0.212765966	106.591736	 25.383230	  0.988964	535.816589
0.277777987	0.212765966	 61.646431	 14.598718	  0.923511	482.726135
0.276243303	0.212765966	 49.101650	 13.101790	  0.966232	475.522522
0.274725483	0.212765966	 13.392307	  3.655901	  0.921177	450.741180
0.273224251	0.212765966	 35.856861	  9.867753	  0.984357	394.743622
0.271739337	0.212765966	 48.636593	 11.139063	  0.988296	438.320038
0.270270476	0.212765966	 60.558853	 13.182735	  0.880934	519.175415
0.268817409	0.212765966	 83.035759	 26.674395	  0.988843	457.225372
0.267379883	0.212765966	 34.889534	  9.608065	  0.964062	484.644623
0.265957650	0.212765966	 69.317947	 18.818966	  0.983879	456.905060
0.264550467	0.212765966	 87.555359	 24.346603	  0.972687	503.329865
0.263158096	0.212765966	 19.318846	  4.496090	  0.920076	491.901001
0.261780305	0.212765966	 57.210655	 14.881598	  0.996620	489.384430
0.260416867	0.212765966	 38.174339	  8.601080	  0.928073	501.073792
0.259067557	0.212765966	 33.082413	  8.266547	  0.947354	433.570374
0.257732157	0.212765966	 93.223801	 24.493490	  0.986099	523.509827
0.256410454	0.212765966	 42.096378	 11.474522	  0.975565	452.397247
0.255102238	0.212765966	 32.214520	  7.512835	  0.949637	463.467041
0.253807303	0.212765966	 17.864958	  3.852393	  0.936726	479.733917
0.252525448	0.212765966	 18.719193	  4.218642	  0.919370	483.473907
0.251256476	0.212765966	 85.497986	 23.414085	  0.954133	515.812012
0.250000194	0.212765966	 75.068787	 19.647835	  0.983250	465.952026
0.248756397	0.212765966	 72.402206	 19.253468	  0.924318	528.745239
0.247524930	0.212765966	 22.269312	  5.703646	  0.961006	407.844940
0.246305596	0.212765966	 23.842453	  5.677427	  0.984156	498.776428
0.245098216	0.212765966	 42.949677	 11.102566	  0.958126	470.776733
0.243902615	0.212765966	 71.084343	 16.825575	  0.993231	479.919952
0.242718622	0.212765966	 24.799709	  5.352351	  0.982007	466.721680
0.241546068	0.212765966	 36.828445	  8.297355	  0.932733	508.159485
0.240384790	0.212765966	 64.805519	 13.967138	  0.930520	502.296173
0.239234623	0.212765966	 33.108837	  7.893166	  0.961618	436.787018
0.238095411	0.212765966	 21.023325	  4.999432	  0.906181	427.170746
0.236966997	0.212765966	 48.539268	  9.175642	  0.863735	613.781250
0.235849228	0.212765966	 49.375904	 12.792173	  0.905142	498.078583
0.234741955	0.212765966	 37.516235	 10.262465	  0.917202	556.580444
0.233645031	0.212765966	 40.227009	  8.003553	  0.968092	505.788452
0.232558310	0.212765966	 47.727695	 10.178221	  0.872187	595.660034
0.231481651	0.212765966	 33.704510	  7.163453	  0.967208	485.717560
0.230414916	0.212765966	 66.417038	 15.141679	  0.956601	515.777405
0.229357967	0.212765966	 12.362958	  2.368800	  0.827425	527.952942
0.228310670	0.212765966	 34.863346	  8.771175	  0.953666	457.343262
0.227272895	0.212765966	 14.885908	  3.501432	  0.932640	451.528595
0.226244511	0.212765966	 22.513813	  4.717841	  0.967115	490.773132
0.225225392	0.212765966	 45.308117	  9.202263	  0.987866	499.701996
0.224215413	0.212765966	 67.696800	 14.906574	  0.995638	495.444397
0.223214451	0.212765966	 10.378146	  2.251150	  0.893345	476.477112
0.222222387	0.212765966	 11.604348	  2.256018	  0.855559	514.372864
0.221239102	0.212765966	 93.584709	 20.261148	  0.962435	577.777100
0.220264481	0.212765966	 18.392929	  4.094580	  0.824141	456.852142
0.219298409	0.212765966	 39.495514	  7.515170	  0.903635	581.714050
0.218340774	0.212765966	 14.679335	  2.407639	  0.857749	619.521179
0.217391467	0.212765966	 41.410240	 10.724646	  0.904827	516.737671
0.216450378	0.212765966	  8.430545	  2.011459	  0.860883	437.643463
0.215517403	0.212765966	 54.214684	 13.103646	  0.917571	466.808868
0.214592435	0.212765966	 35.143867	  7.084303	  0.936189	496.470673
0.213675374	0.212765966	  7.094619	  1.137993	  0.722268	630.674561
0.212766117	0.212765966	 27.160513	  6.221249	  0.967147	440.868530
