Arrival Rate	Service Rate	Avg. Delay	Avg. Queue	Server Util	Sim Time
100.000002235	0.426666667	1214.911865	118135.742188	  0.999996	2382.913086
50.000001118	0.426666667	1155.635498	57751.105469	  0.999998	2306.845703
33.333334078	0.426666667	1147.181885	38862.394531	  0.999991	2364.125977
25.000000559	0.426666667	1179.034058	29592.835938	  0.999998	2409.175781
19.999999702	0.426666667	1190.089600	23419.802734	  0.999965	2376.765381
16.666666004	0.426666667	1129.396240	18712.416016	  0.999954	2310.678711
14.285714225	0.426666667	1123.318970	15488.204102	  0.999959	2260.224121
12.500000279	0.426666667	1138.079102	14364.287109	  0.999952	2377.617432
11.111111589	0.426666667	1166.514404	13142.735352	  0.999948	2497.857910
10.000000596	0.426666667	1131.427124	11427.843750	  0.999952	2386.300293
9.090909756	0.426666667	1100.190918	9806.502930	  0.999996	2292.363281
8.333334037	0.426666667	1187.240601	9800.166016	  0.999998	2457.714111
7.692307974	0.426666667	1094.704834	8213.979492	  0.999986	2285.757812
7.142857112	0.426666667	1190.617432	8499.386719	  0.999922	2478.164551
6.666666402	0.426666667	1130.873901	7369.584473	  0.999904	2357.485107
6.249999558	0.426666667	1058.013306	6730.570801	  0.999948	2294.975342
5.882352364	0.426666667	1091.679932	6215.071777	  0.999997	2310.032227
5.555554875	0.426666667	1131.241089	6133.114746	  0.999748	2393.189697
5.263157135	0.426666667	1072.561890	5481.620605	  0.999989	2299.153809
4.999999180	0.426666667	1044.867554	5218.655762	  0.999843	2275.005371
4.761903897	0.426666667	1092.170898	5175.206055	  0.999937	2393.805420
4.545453646	0.426666667	1046.408081	4729.035156	  0.999905	2332.947021
4.347825163	0.426666667	1051.128906	4575.297363	  0.999975	2344.441406
4.166665725	0.426666667	1085.700439	4355.678711	  0.999990	2309.195801
3.999999046	0.426666667	1061.704590	4230.363770	  0.999598	2350.952393
3.846153106	0.426666667	1075.620117	4236.169434	  0.999883	2463.600830
3.703703148	0.426666667	1032.875610	3762.812256	  0.999987	2314.145508
3.571428176	0.426666667	989.641296	3686.196533	  0.999836	2355.790039
3.448275607	0.426666667	1007.857300	3480.833496	  0.999926	2306.052979
3.333333201	0.426666667	1040.952271	3284.084229	  0.999845	2302.235840
3.225806427	0.426666667	944.690308	3054.206299	  0.999938	2217.695801
3.125000070	0.426666667	954.118530	3056.795410	  0.999870	2236.255615
3.030303184	0.426666667	975.556152	2887.573975	  0.999591	2213.050781
2.941176697	0.426666667	974.063843	2973.761963	  0.999904	2333.866943
2.857143149	0.426666667	1028.155151	2970.226318	  0.999937	2363.525879
2.777778127	0.426666667	943.367981	2577.923828	  0.999985	2226.993652
2.702703103	0.426666667	984.399597	2641.255615	  0.999784	2317.931396
2.631579393	0.426666667	961.391113	2532.447021	  0.999674	2345.564453
2.564103050	0.426666667	930.399536	2436.113770	  0.999966	2247.605713
2.500000522	0.426666667	961.433838	2438.445801	  0.999762	2286.584717
2.439024943	0.426666667	967.067017	2384.021240	  0.999373	2315.826904
2.380952962	0.426666667	1020.333679	2395.814941	  0.999972	2498.004395
2.325582001	0.426666667	964.019714	2179.342773	  0.999823	2341.356689
2.272727901	0.426666667	1027.547974	2310.510254	  0.999325	2494.135498
2.222222870	0.426666667	979.225769	2142.436768	  0.999763	2347.520508
2.173913708	0.426666667	929.032288	2000.253662	  0.999205	2309.045654
2.127660254	0.426666667	1021.774536	2185.115479	  0.999739	2455.460205
2.083334027	0.426666667	892.230591	1845.753052	  0.999545	2237.730469
2.040817032	0.426666667	983.447021	1964.251099	  0.999507	2430.943604
2.000000715	0.426666667	859.631042	1729.237549	  0.998452	2248.436523
1.960785038	0.426666667	872.445312	1685.441162	  0.999778	2314.225830
1.923077655	0.426666667	900.369751	1718.672852	  0.999898	2337.450195
1.886793191	0.426666667	861.766846	1583.112427	  0.999914	2245.226562
1.851852596	0.426666667	872.947876	1581.707764	  0.999310	2290.264893
1.818182567	0.426666667	929.707336	1664.387451	  0.999931	2359.074951
1.785715038	0.426666667	870.694092	1500.615479	  0.998338	2257.708008
1.754386721	0.426666667	909.720642	1599.440430	  0.999566	2364.257080
1.724138689	0.426666667	888.912415	1516.954834	  0.999560	2250.434814
1.694916014	0.426666667	851.908264	1425.396362	  0.999731	2302.046875
1.666667428	0.426666667	949.295837	1538.421265	  0.999802	2397.638672
1.639345025	0.426666667	835.215210	1391.242798	  0.999983	2295.186279
1.612903989	0.426666667	890.220886	1435.799561	  0.999980	2339.831055
1.587302350	0.426666667	856.071533	1325.442993	  0.999735	2243.914307
1.562500763	0.426666667	881.992798	1418.263672	  0.999997	2415.536621
1.538462300	0.426666667	840.436707	1254.807983	  0.999971	2279.389648
1.515152276	0.426666667	871.226685	1399.124146	  0.999704	2382.465332
1.492538073	0.426666667	839.809021	1301.794312	  0.999974	2463.049072
1.470588993	0.426666667	818.973389	1189.438843	  0.998856	2315.470215
1.449276118	0.426666667	858.406738	1270.637695	  0.997710	2443.389648
1.428572183	0.426666667	785.995239	1120.183350	  0.999245	2361.631348
1.408451456	0.426666667	758.380615	1098.215820	  0.999925	2286.521729
1.388889639	0.426666667	803.040405	1117.596558	  0.998898	2303.087891
1.369863761	0.426666667	903.080139	1185.613403	  0.999914	2505.982910
1.351352096	0.426666667	772.129700	1045.390747	  0.999940	2345.298828
1.333334075	0.426666667	816.962708	1125.437866	  0.998546	2419.783447
1.315790213	0.426666667	765.163025	1042.468628	  0.998508	2290.262939
1.298702035	0.426666667	739.890686	978.251465	  0.997317	2261.792725
1.282052015	0.426666667	742.994385	960.467773	  0.999743	2234.657715
1.265823514	0.426666667	735.923645	892.641541	  0.998869	2257.386475
1.250000726	0.426666667	845.517334	1088.089966	  0.998341	2512.493652
1.234568624	0.426666667	808.339966	1021.995178	  0.998138	2420.938477
1.219512915	0.426666667	762.480713	951.286682	  0.999951	2334.035645
1.204819994	0.426666667	713.169312	832.693115	  0.999312	2238.914795
1.190476903	0.426666667	824.546265	1005.178162	  0.999556	2524.289795
1.176471298	0.426666667	779.425720	953.135803	  0.999391	2426.906006
1.162791404	0.426666667	759.736877	869.315918	  0.999873	2330.173096
1.149425990	0.426666667	773.810669	880.448059	  0.999878	2373.406250
1.136364335	0.426666667	739.662537	790.339600	  0.999080	2292.706787
1.123596201	0.426666667	692.220703	777.001343	  0.999298	2283.627930
1.111111803	0.426666667	701.038879	750.954895	  0.999731	2292.330566
1.098901787	0.426666667	772.404358	851.071350	  0.999325	2462.082520
1.086957206	0.426666667	691.438171	755.071167	  0.999260	2393.194824
1.075269498	0.426666667	658.229187	715.996033	  0.999551	2314.351074
1.063830464	0.426666667	697.195007	752.264526	  0.999652	2329.831787
1.052632253	0.426666667	681.501831	672.447144	  0.999820	2254.026367
1.041667337	0.426666667	690.323792	686.286682	  0.999129	2346.442627
1.030928501	0.426666667	698.111755	730.666016	  0.999878	2357.586426
1.020408826	0.426666667	668.773254	696.402466	  0.999330	2281.006836
1.010101669	0.426666667	604.145508	583.329773	  0.999298	2259.545410
1.000000656	0.426666667	761.247437	762.534424	  0.999437	2564.673584
0.990099604	0.426666667	700.446533	672.871887	  0.998662	2350.990723
0.980392748	0.426666667	642.456299	619.601807	  0.999528	2327.386963
0.970874375	0.426666667	639.504517	612.724731	  0.997072	2318.738037
0.961539048	0.426666667	709.200928	677.696716	  0.999777	2342.137207
0.952381536	0.426666667	693.438660	688.069397	  0.999760	2439.551270
0.943396808	0.426666667	519.435120	482.534149	  0.999519	2090.350830
0.934580018	0.426666667	615.792725	602.710205	  0.999725	2372.152588
0.925926502	0.426666667	642.444641	573.265381	  0.999427	2317.563477
0.917431767	0.426666667	647.618347	607.576904	  0.999475	2345.619385
0.909091481	0.426666667	601.533203	539.274536	  0.999531	2316.570801
0.900901470	0.426666667	609.127625	540.478699	  0.998907	2449.398438
0.892857709	0.426666667	639.709900	566.784485	  0.999255	2361.939209
0.884956316	0.426666667	714.517456	611.022888	  0.999613	2502.944824
0.877193544	0.426666667	620.162415	532.089294	  0.999507	2351.777832
0.869565776	0.426666667	577.184631	493.630646	  0.998884	2301.780273
0.862069522	0.426666667	583.316895	492.434662	  0.999994	2335.953857
0.854701409	0.426666667	666.849976	580.112244	  0.999322	2395.844482
0.847458178	0.426666667	547.596008	491.551727	  0.999740	2316.674316
0.840336683	0.426666667	587.508606	496.330414	  0.999957	2279.758545
0.833333880	0.426666667	516.741577	419.527527	  0.999535	2266.812744
0.826446825	0.426666667	639.994995	526.680908	  0.999988	2397.924072
0.819672673	0.426666667	561.304138	502.991394	  0.997714	2470.009766
0.813008669	0.426666667	599.504028	479.659241	  0.999709	2342.408936
0.806452149	0.426666667	699.453552	564.138733	  0.999976	2531.634766
0.800000534	0.426666667	550.217957	441.028931	  0.999093	2429.440186
0.793651325	0.426666667	530.228149	428.290497	  0.999940	2367.964111
0.787402104	0.426666667	569.861145	459.254395	  0.998408	2307.474854
0.781250527	0.426666667	560.466675	429.482819	  0.997073	2366.207520
0.775194323	0.426666667	474.488007	378.573395	  0.999176	2309.587891
0.769231291	0.426666667	529.633728	383.809204	  0.999965	2274.276123
0.763359298	0.426666667	469.695343	342.088196	  0.999371	2283.293701
0.757576275	0.426666667	579.804565	446.943085	  0.999704	2427.238281
0.751880214	0.426666667	507.877991	382.826019	  0.999878	2325.629639
0.746269169	0.426666667	425.196472	313.225616	  0.996121	2249.756592
0.740741251	0.426666667	507.542725	390.798981	  0.997825	2363.990967
0.735294626	0.426666667	517.531616	352.436310	  0.999865	2431.116699
0.729927513	0.426666667	430.163269	305.867188	  0.997714	2263.202148
0.724638184	0.426666667	518.942017	365.657745	  0.999953	2307.714355
0.719424961	0.426666667	517.037415	350.545380	  0.999562	2432.067627
0.714286213	0.426666667	475.728058	319.304626	  0.998208	2441.541016
0.709220355	0.426666667	501.045013	355.704376	  0.999637	2435.671387
0.704225846	0.426666667	424.692291	316.067688	  0.999884	2258.645264
0.699301191	0.426666667	371.387543	259.407990	  0.999447	2281.970703
0.694444934	0.426666667	405.828156	289.405090	  0.999997	2269.061279
0.689655660	0.426666667	505.307770	343.775665	  0.995434	2355.903076
0.684931992	0.426666667	436.887512	304.321472	  0.997805	2362.871338
0.680272592	0.426666667	358.407288	251.148895	  0.992938	2230.481934
0.675676157	0.426666667	482.544006	317.417114	  0.997264	2362.200195
0.671141419	0.426666667	490.023865	328.089569	  0.999672	2383.960693
0.666667144	0.426666667	461.644745	316.449646	  0.996991	2401.017090
0.662252130	0.426666667	371.748322	229.899902	  0.996954	2313.913818
0.657895209	0.426666667	350.146027	237.651962	  0.999622	2215.833496
0.653595242	0.426666667	487.363525	312.953857	  0.999324	2386.039062
0.649351118	0.426666667	360.204803	243.053787	  0.999684	2307.411133
0.645161757	0.426666667	364.353821	236.065613	  0.997646	2285.453857
0.641026105	0.426666667	435.613617	278.878387	  0.998140	2416.842773
0.636943138	0.426666667	342.819611	230.928040	  0.999707	2239.149658
0.632911853	0.426666667	408.191101	252.700546	  0.999417	2390.810303
0.628931276	0.426666667	345.147369	222.886703	  0.986904	2321.892822
0.625000456	0.426666667	361.692139	236.512955	  0.999157	2311.304932
0.621118467	0.426666667	436.377350	276.671387	  0.999551	2430.822266
0.617284403	0.426666667	375.013763	232.199432	  0.999184	2353.047607
0.613497383	0.426666667	375.008118	226.721069	  0.998328	2397.594238
0.609756546	0.426666667	363.030731	228.663254	  0.999192	2284.906494
0.606061053	0.426666667	404.029755	253.278427	  0.999578	2326.615234
0.602410083	0.426666667	337.875793	203.075577	  0.998026	2301.596924
0.598802838	0.426666667	261.015686	160.160080	  0.998838	2227.791504
0.595238536	0.426666667	309.154205	186.503784	  0.998020	2356.899902
0.591716415	0.426666667	262.178497	152.589096	  0.997655	2257.963379
0.588235731	0.426666667	395.466705	229.022690	  0.998511	2487.697021
0.584795757	0.426666667	327.815826	187.206802	  0.996942	2337.526611
0.581395782	0.426666667	318.088867	186.756592	  0.999951	2363.420654
0.578035114	0.426666667	351.249756	195.236420	  0.998359	2464.796143
0.574713074	0.426666667	239.709854	146.248657	  0.998914	2314.019531
0.571429000	0.426666667	316.916718	172.970261	  0.991623	2379.918213
0.568182245	0.426666667	335.272186	195.241959	  0.999610	2367.119629
0.564972176	0.426666667	257.584808	139.414276	  0.999424	2368.690430
0.561798176	0.426666667	240.318649	133.733658	  0.997978	2232.427246
0.558659639	0.426666667	199.588074	104.876793	  0.992126	2357.282227
0.555555975	0.426666667	333.153046	179.374008	  0.994200	2390.085693
0.552486606	0.426666667	295.691437	171.863388	  0.999128	2331.106689
0.549450965	0.426666667	311.810303	167.897461	  0.998601	2316.140869
0.546448502	0.426666667	245.381119	133.061890	  0.993892	2172.561523
0.543478674	0.426666667	166.395462	 86.163910	  0.986981	2180.425293
0.540540952	0.426666667	263.772247	147.072388	  0.994318	2337.684326
0.537634818	0.426666667	283.296417	144.576721	  0.997422	2317.551270
0.534759766	0.426666667	283.862030	150.238770	  0.999222	2397.087402
0.531915300	0.426666667	247.286011	128.674133	  0.997120	2335.191650
0.529100934	0.426666667	185.854324	 96.453003	  0.999173	2296.182129
0.526316192	0.426666667	197.551544	107.241646	  0.999075	2300.518311
0.523560611	0.426666667	232.586151	122.634148	  0.993513	2408.810059
0.520833733	0.426666667	191.444885	 95.311493	  0.992167	2294.128418
0.518135113	0.426666667	222.603317	111.387131	  0.984905	2460.310059
0.515464314	0.426666667	249.740952	127.888634	  0.994280	2421.265625
0.512820908	0.426666667	189.568649	 98.019974	  0.996922	2387.820801
0.510204475	0.426666667	180.481308	 88.840736	  0.972266	2452.729980
0.507614605	0.426666667	125.447502	 64.192154	  0.975879	2299.477783
0.505050895	0.426666667	176.111862	 87.519402	  0.988150	2341.454590
0.502512952	0.426666667	119.376846	 60.961147	  0.997395	2268.115479
0.500000387	0.426666667	131.257767	 64.186508	  0.999685	2306.234619
0.497512794	0.426666667	163.513855	 83.260147	  0.997191	2391.494385
0.495049860	0.426666667	141.775009	 70.413010	  0.999485	2231.682617
0.492611192	0.426666667	105.074463	 55.480106	  0.994111	2440.708252
0.490196431	0.426666667	 76.737564	 38.071457	  0.998453	2288.383301
0.487805230	0.426666667	 55.274937	 26.419249	  0.959544	2344.791504
0.485437244	0.426666667	211.758011	 99.827194	  0.983762	2425.215576
0.483092137	0.426666667	110.135216	 50.880917	  0.990677	2337.993164
0.480769579	0.426666667	 44.616276	 20.668564	  0.999755	2165.082275
0.478469247	0.426666667	187.764267	 92.081833	  0.997750	2455.131592
0.476190822	0.426666667	 65.942307	 31.487761	  0.993602	2244.008057
0.473933994	0.426666667	 87.722839	 42.283714	  0.993223	2290.280273
0.471698457	0.426666667	212.868988	 97.018188	  0.996094	2407.531982
0.469483911	0.426666667	103.535240	 46.952076	  0.981935	2372.499512
0.467290061	0.426666667	151.156647	 69.949654	  0.999658	2423.903809
0.465116619	0.426666667	 42.779690	 18.786947	  0.976160	2280.901611
0.462963302	0.426666667	105.413612	 48.629520	  0.988750	2357.098389
0.460829831	0.426666667	156.832581	 71.077766	  0.995733	2415.265869
0.458715933	0.426666667	 87.706520	 40.544266	  0.984645	2343.266113
0.456621341	0.426666667	 56.518135	 25.402010	  0.965741	2268.807373
0.454545790	0.426666667	 95.491890	 44.511574	  0.999074	2325.901367
0.452489022	0.426666667	106.733261	 50.946316	  0.998838	2414.939453
0.450450783	0.426666667	174.034882	 79.061691	  0.998946	2460.379150
0.448430825	0.426666667	 84.075455	 38.437820	  0.982389	2527.844482
0.446428902	0.426666667	 64.005058	 27.235434	  0.965078	2385.866455
0.444444774	0.426666667	 45.307289	 19.690668	  0.964046	2301.487061
0.442478205	0.426666667	 58.692375	 24.967140	  0.997683	2363.570312
0.440528962	0.426666667	 92.146309	 40.758720	  0.982116	2423.674316
0.438596818	0.426666667	 15.873697	  6.733970	  0.922603	2378.074463
0.436681548	0.426666667	 53.885712	 22.596413	  0.947550	2449.807861
0.434782933	0.426666667	163.162796	 72.103638	  0.989219	2479.042480
0.432900756	0.426666667	135.846191	 59.597809	  0.995090	2416.626953
0.431034805	0.426666667	 28.548769	 12.152678	  0.963056	2353.718506
0.429184871	0.426666667	185.984756	 81.083565	  0.993105	2413.351074
0.427350748	0.426666667	 36.447803	 14.304648	  0.928960	2582.129639
